Arguments: 
  /usr/local/Cellar/node@8/8.10.0/bin/node /usr/local/Cellar/yarn/1.5.1_1/libexec/bin/yarn.js

PATH: 
  /Users/lookonlyatme/.rvm/gems/ruby-2.2.1/bin:/Users/lookonlyatme/.rvm/gems/ruby-2.2.1@global/bin:/Users/lookonlyatme/.rvm/rubies/ruby-2.2.1/bin:/usr/local/opt/node@8/bin:/usr/local/sbin:/usr/local/bin:/usr/bin:/bin:/usr/sbin:/sbin:/Users/lookonlyatme/.rvm/bin

Yarn version: 
  1.5.1

Node version: 
  8.10.0

Platform: 
  darwin x64

npm manifest: 
  {
    "name": "snappy-serialport",
    "version": "1.0.0",
    "main": "index.js",
    "dependencies": {
      "express": "^4.14.1",
      "serialport": "^6.0.0",
      "socket.io": "^1.7.2"
    },
    "devDependencies": {},
    "scripts": {
      "start": "node index.js"
    },
  }

yarn manifest: 
  No manifest

Lockfile: 
  No lockfile

Trace: 
  SyntaxError: /Users/lookonlyatme/Documents/Myworkspace/snappy-serialport/package.json: Unexpected token } in JSON at position 256
      at JSON.parse (<anonymous>)
      at /usr/local/Cellar/yarn/1.5.1_1/libexec/lib/cli.js:1036:59
      at Generator.next (<anonymous>)
      at step (/usr/local/Cellar/yarn/1.5.1_1/libexec/lib/cli.js:98:30)
      at /usr/local/Cellar/yarn/1.5.1_1/libexec/lib/cli.js:109:13
      at <anonymous>
